Navigating to http://localhost:8000...
CONSOLE (log): Successfully loaded GeoJSON data: {type: FeatureCollection, crs: Object, features: Array(32)}
CONSOLE (log): Successfully loaded timeseries data: {success: true, errors: Array(0), result: Object}
CONSOLE (log): Styling Mazandaran with initial value: 0
CONSOLE (log): Styling North Khorasan with initial value: 0
CONSOLE (log): Styling Kerman with initial value: 0
CONSOLE (log): Styling Ilam with initial value: 0
CONSOLE (log): Styling Lorestan with initial value: 0
CONSOLE (log): Styling Markazi with initial value: 0
CONSOLE (log): Styling Chaharmahal and Bakhtiari with initial value: 0
CONSOLE (log): Styling Kermanshah with initial value: 0
CONSOLE (log): Styling Hamadan with initial value: 0
CONSOLE (log): Styling Qazvin with initial value: 0
CONSOLE (log): Styling Gilan with initial value: 0
CONSOLE (log): Styling Zanjan with initial value: 0
CONSOLE (log): Styling Semnan with initial value: 0
CONSOLE (log): Styling Isfahan with initial value: 0
CONSOLE (log): Styling Kohgiluyeh and Boyer-Ahmad with initial value: 0
CONSOLE (log): Styling Kurdistan with initial value: 0
CONSOLE (log): Styling West Azerbaijan with initial value: 0
CONSOLE (log): Styling Fars with initial value: 0
CONSOLE (log): Styling Bushehr with initial value: 0
CONSOLE (log): Styling Ardabil with initial value: 0
CONSOLE (log): Styling Golestan with initial value: 0
CONSOLE (log): Styling Razavi Khorasan with initial value: 0
CONSOLE (log): Styling South Khorasan with initial value: 0
CONSOLE (log): Styling Sistan and Baluchestan with initial value: 0
CONSOLE (log): Styling Qom with initial value: 0
CONSOLE (log): Styling Alborz with initial value: 0
CONSOLE (log): Styling East Azerbaijan with initial value: 0
CONSOLE (log): Styling Yazd with initial value: 0
CONSOLE (log): Styling Hormozgan with initial value: 0
CONSOLE (log): Styling Khuzestan with initial value: 0
CONSOLE (log): Styling Tehran with initial value: 0
CONSOLE (log): Styling Mazandaran with initial value: 0
CONSOLE (log): Updating Mazandaran at index 1 with value: 0
CONSOLE (log): Updating North Khorasan at index 1 with value: 0
CONSOLE (log): Updating Kerman at index 1 with value: 0
CONSOLE (log): Updating Ilam at index 1 with value: 0
CONSOLE (log): Updating Lorestan at index 1 with value: 0
CONSOLE (log): Updating Markazi at index 1 with value: 0
CONSOLE (log): Updating Chaharmahal and Bakhtiari at index 1 with value: 0
CONSOLE (log): Updating Kermanshah at index 1 with value: 0
CONSOLE (log): Updating Hamadan at index 1 with value: 0
CONSOLE (log): Updating Qazvin at index 1 with value: 0
CONSOLE (log): Updating Gilan at index 1 with value: 0
CONSOLE (log): Updating Zanjan at index 1 with value: 0
CONSOLE (log): Updating Semnan at index 1 with value: 0
CONSOLE (log): Updating Isfahan at index 1 with value: 0
CONSOLE (log): Updating Kohgiluyeh and Boyer-Ahmad at index 1 with value: 0
CONSOLE (log): Updating Kurdistan at index 1 with value: 0
CONSOLE (log): Updating West Azerbaijan at index 1 with value: 0
CONSOLE (log): Updating Fars at index 1 with value: 0
CONSOLE (log): Updating Bushehr at index 1 with value: 0
CONSOLE (log): Updating Ardabil at index 1 with value: 0
CONSOLE (log): Updating Golestan at index 1 with value: 0
CONSOLE (log): Updating Razavi Khorasan at index 1 with value: 0
CONSOLE (log): Updating South Khorasan at index 1 with value: 0
CONSOLE (log): Updating Sistan and Baluchestan at index 1 with value: 0
CONSOLE (log): Updating Qom at index 1 with value: 0
CONSOLE (log): Updating Alborz at index 1 with value: 0
CONSOLE (log): Updating East Azerbaijan at index 1 with value: 0
CONSOLE (log): Updating Yazd at index 1 with value: 0
CONSOLE (log): Updating Hormozgan at index 1 with value: 0
CONSOLE (log): Updating Khuzestan at index 1 with value: 0
CONSOLE (log): Updating Tehran at index 1 with value: 0
CONSOLE (log): Updating Mazandaran at index 1 with value: 0
CONSOLE (log): Updating Mazandaran at index 2 with value: 0
CONSOLE (log): Updating North Khorasan at index 2 with value: 0
CONSOLE (log): Updating Kerman at index 2 with value: 0
CONSOLE (log): Updating Ilam at index 2 with value: 0
CONSOLE (log): Updating Lorestan at index 2 with value: 0
CONSOLE (log): Updating Markazi at index 2 with value: 0
CONSOLE (log): Updating Chaharmahal and Bakhtiari at index 2 with value: 0
CONSOLE (log): Updating Kermanshah at index 2 with value: 0
CONSOLE (log): Updating Hamadan at index 2 with value: 0
CONSOLE (log): Updating Qazvin at index 2 with value: 0
CONSOLE (log): Updating Gilan at index 2 with value: 0
CONSOLE (log): Updating Zanjan at index 2 with value: 0
CONSOLE (log): Updating Semnan at index 2 with value: 0
CONSOLE (log): Updating Isfahan at index 2 with value: 0
CONSOLE (log): Updating Kohgiluyeh and Boyer-Ahmad at index 2 with value: 0
CONSOLE (log): Updating Kurdistan at index 2 with value: 0
CONSOLE (log): Updating West Azerbaijan at index 2 with value: 0
CONSOLE (log): Updating Fars at index 2 with value: 0
CONSOLE (log): Updating Bushehr at index 2 with value: 0
CONSOLE (log): Updating Ardabil at index 2 with value: 0
CONSOLE (log): Updating Golestan at index 2 with value: 0
CONSOLE (log): Updating Razavi Khorasan at index 2 with value: 0
CONSOLE (log): Updating South Khorasan at index 2 with value: 0
CONSOLE (log): Updating Sistan and Baluchestan at index 2 with value: 0
CONSOLE (log): Updating Qom at index 2 with value: 0
CONSOLE (log): Updating Alborz at index 2 with value: 0
CONSOLE (log): Updating East Azerbaijan at index 2 with value: 0
CONSOLE (log): Updating Yazd at index 2 with value: 0
CONSOLE (log): Updating Hormozgan at index 2 with value: 0
CONSOLE (log): Updating Khuzestan at index 2 with value: 0
CONSOLE (log): Updating Tehran at index 2 with value: 0
CONSOLE (log): Updating Mazandaran at index 2 with value: 0
CONSOLE (log): Updating Mazandaran at index 3 with value: 0
CONSOLE (log): Updating North Khorasan at index 3 with value: 0
CONSOLE (log): Updating Kerman at index 3 with value: 0
CONSOLE (log): Updating Ilam at index 3 with value: 0
CONSOLE (log): Updating Lorestan at index 3 with value: 0
CONSOLE (log): Updating Markazi at index 3 with value: 0
CONSOLE (log): Updating Chaharmahal and Bakhtiari at index 3 with value: 0
CONSOLE (log): Updating Kermanshah at index 3 with value: 0
CONSOLE (log): Updating Hamadan at index 3 with value: 0
CONSOLE (log): Updating Qazvin at index 3 with value: 0
CONSOLE (log): Updating Gilan at index 3 with value: 0
CONSOLE (log): Updating Zanjan at index 3 with value: 0
CONSOLE (log): Updating Semnan at index 3 with value: 0
CONSOLE (log): Updating Isfahan at index 3 with value: 0
CONSOLE (log): Updating Kohgiluyeh and Boyer-Ahmad at index 3 with value: 0
CONSOLE (log): Updating Kurdistan at index 3 with value: 0
CONSOLE (log): Updating West Azerbaijan at index 3 with value: 0
CONSOLE (log): Updating Fars at index 3 with value: 0
CONSOLE (log): Updating Bushehr at index 3 with value: 0
CONSOLE (log): Updating Ardabil at index 3 with value: 0
CONSOLE (log): Updating Golestan at index 3 with value: 0
CONSOLE (log): Updating Razavi Khorasan at index 3 with value: 0
CONSOLE (log): Updating South Khorasan at index 3 with value: 0
CONSOLE (log): Updating Sistan and Baluchestan at index 3 with value: 0
CONSOLE (log): Updating Qom at index 3 with value: 0
CONSOLE (log): Updating Alborz at index 3 with value: 0
CONSOLE (log): Updating East Azerbaijan at index 3 with value: 0
CONSOLE (log): Updating Yazd at index 3 with value: 0
CONSOLE (log): Updating Hormozgan at index 3 with value: 0
CONSOLE (log): Updating Khuzestan at index 3 with value: 0
CONSOLE (log): Updating Tehran at index 3 with value: 0
CONSOLE (log): Updating Mazandaran at index 3 with value: 0
CONSOLE (log): Updating Mazandaran at index 4 with value: 0
CONSOLE (log): Updating North Khorasan at index 4 with value: 0
CONSOLE (log): Updating Kerman at index 4 with value: 0
CONSOLE (log): Updating Ilam at index 4 with value: 0
CONSOLE (log): Updating Lorestan at index 4 with value: 0
CONSOLE (log): Updating Markazi at index 4 with value: 0
CONSOLE (log): Updating Chaharmahal and Bakhtiari at index 4 with value: 0
CONSOLE (log): Updating Kermanshah at index 4 with value: 0
CONSOLE (log): Updating Hamadan at index 4 with value: 0
CONSOLE (log): Updating Qazvin at index 4 with value: 0
CONSOLE (log): Updating Gilan at index 4 with value: 0
CONSOLE (log): Updating Zanjan at index 4 with value: 0
CONSOLE (log): Updating Semnan at index 4 with value: 0
CONSOLE (log): Updating Isfahan at index 4 with value: 0
CONSOLE (log): Updating Kohgiluyeh and Boyer-Ahmad at index 4 with value: 0
CONSOLE (log): Updating Kurdistan at index 4 with value: 0
CONSOLE (log): Updating West Azerbaijan at index 4 with value: 0
CONSOLE (log): Updating Fars at index 4 with value: 0
CONSOLE (log): Updating Bushehr at index 4 with value: 0
CONSOLE (log): Updating Ardabil at index 4 with value: 0
CONSOLE (log): Updating Golestan at index 4 with value: 0
CONSOLE (log): Updating Razavi Khorasan at index 4 with value: 0
CONSOLE (log): Updating South Khorasan at index 4 with value: 0
CONSOLE (log): Updating Sistan and Baluchestan at index 4 with value: 0
CONSOLE (log): Updating Qom at index 4 with value: 0
CONSOLE (log): Updating Alborz at index 4 with value: 0
CONSOLE (log): Updating East Azerbaijan at index 4 with value: 0
CONSOLE (log): Updating Yazd at index 4 with value: 0
CONSOLE (log): Updating Hormozgan at index 4 with value: 0
CONSOLE (log): Updating Khuzestan at index 4 with value: 0
CONSOLE (log): Updating Tehran at index 4 with value: 0
CONSOLE (log): Updating Mazandaran at index 4 with value: 0
Navigation successful.
CONSOLE (log): Updating Mazandaran at index 5 with value: 0
CONSOLE (log): Updating North Khorasan at index 5 with value: 0
CONSOLE (log): Updating Kerman at index 5 with value: 0
CONSOLE (log): Updating Ilam at index 5 with value: 0
CONSOLE (log): Updating Lorestan at index 5 with value: 0
CONSOLE (log): Updating Markazi at index 5 with value: 0
CONSOLE (log): Updating Chaharmahal and Bakhtiari at index 5 with value: 0
CONSOLE (log): Updating Kermanshah at index 5 with value: 0
CONSOLE (log): Updating Hamadan at index 5 with value: 0
CONSOLE (log): Updating Qazvin at index 5 with value: 0
CONSOLE (log): Updating Gilan at index 5 with value: 0
CONSOLE (log): Updating Zanjan at index 5 with value: 0
CONSOLE (log): Updating Semnan at index 5 with value: 0
CONSOLE (log): Updating Isfahan at index 5 with value: 0
CONSOLE (log): Updating Kohgiluyeh and Boyer-Ahmad at index 5 with value: 0
CONSOLE (log): Updating Kurdistan at index 5 with value: 0
CONSOLE (log): Updating West Azerbaijan at index 5 with value: 0
CONSOLE (log): Updating Fars at index 5 with value: 0
CONSOLE (log): Updating Bushehr at index 5 with value: 0
CONSOLE (log): Updating Ardabil at index 5 with value: 0
CONSOLE (log): Updating Golestan at index 5 with value: 0
CONSOLE (log): Updating Razavi Khorasan at index 5 with value: 0
CONSOLE (log): Updating South Khorasan at index 5 with value: 0
CONSOLE (log): Updating Sistan and Baluchestan at index 5 with value: 0
CONSOLE (log): Updating Qom at index 5 with value: 0
CONSOLE (log): Updating Alborz at index 5 with value: 0
CONSOLE (log): Updating East Azerbaijan at index 5 with value: 0
CONSOLE (log): Updating Yazd at index 5 with value: 0
CONSOLE (log): Updating Hormozgan at index 5 with value: 0
CONSOLE (log): Updating Khuzestan at index 5 with value: 0
CONSOLE (log): Updating Tehran at index 5 with value: 0
CONSOLE (log): Updating Mazandaran at index 5 with value: 0
CONSOLE (log): Updating Mazandaran at index 6 with value: 0
CONSOLE (log): Updating North Khorasan at index 6 with value: 0
CONSOLE (log): Updating Kerman at index 6 with value: 0
CONSOLE (log): Updating Ilam at index 6 with value: 0
CONSOLE (log): Updating Lorestan at index 6 with value: 0
CONSOLE (log): Updating Markazi at index 6 with value: 0
CONSOLE (log): Updating Chaharmahal and Bakhtiari at index 6 with value: 0
CONSOLE (log): Updating Kermanshah at index 6 with value: 0
CONSOLE (log): Updating Hamadan at index 6 with value: 0
CONSOLE (log): Updating Qazvin at index 6 with value: 0
CONSOLE (log): Updating Gilan at index 6 with value: 0
CONSOLE (log): Updating Zanjan at index 6 with value: 0
CONSOLE (log): Updating Semnan at index 6 with value: 0
CONSOLE (log): Updating Isfahan at index 6 with value: 0
CONSOLE (log): Updating Kohgiluyeh and Boyer-Ahmad at index 6 with value: 0
CONSOLE (log): Updating Kurdistan at index 6 with value: 0
CONSOLE (log): Updating West Azerbaijan at index 6 with value: 0
CONSOLE (log): Updating Fars at index 6 with value: 0
CONSOLE (log): Updating Bushehr at index 6 with value: 0
CONSOLE (log): Updating Ardabil at index 6 with value: 0
CONSOLE (log): Updating Golestan at index 6 with value: 0
CONSOLE (log): Updating Razavi Khorasan at index 6 with value: 0
CONSOLE (log): Updating South Khorasan at index 6 with value: 0
CONSOLE (log): Updating Sistan and Baluchestan at index 6 with value: 0
CONSOLE (log): Updating Qom at index 6 with value: 0
CONSOLE (log): Updating Alborz at index 6 with value: 0
CONSOLE (log): Updating East Azerbaijan at index 6 with value: 0
CONSOLE (log): Updating Yazd at index 6 with value: 0
CONSOLE (log): Updating Hormozgan at index 6 with value: 0
CONSOLE (log): Updating Khuzestan at index 6 with value: 0
CONSOLE (log): Updating Tehran at index 6 with value: 0
CONSOLE (log): Updating Mazandaran at index 6 with value: 0
CONSOLE (log): Updating Mazandaran at index 7 with value: 0
CONSOLE (log): Updating North Khorasan at index 7 with value: 0
CONSOLE (log): Updating Kerman at index 7 with value: 0
CONSOLE (log): Updating Ilam at index 7 with value: 0
CONSOLE (log): Updating Lorestan at index 7 with value: 0
CONSOLE (log): Updating Markazi at index 7 with value: 0
CONSOLE (log): Updating Chaharmahal and Bakhtiari at index 7 with value: 0
CONSOLE (log): Updating Kermanshah at index 7 with value: 0
CONSOLE (log): Updating Hamadan at index 7 with value: 0
CONSOLE (log): Updating Qazvin at index 7 with value: 0
CONSOLE (log): Updating Gilan at index 7 with value: 0
CONSOLE (log): Updating Zanjan at index 7 with value: 0
CONSOLE (log): Updating Semnan at index 7 with value: 0
CONSOLE (log): Updating Isfahan at index 7 with value: 0
CONSOLE (log): Updating Kohgiluyeh and Boyer-Ahmad at index 7 with value: 0
CONSOLE (log): Updating Kurdistan at index 7 with value: 0
CONSOLE (log): Updating West Azerbaijan at index 7 with value: 0
CONSOLE (log): Updating Fars at index 7 with value: 0
CONSOLE (log): Updating Bushehr at index 7 with value: 0
CONSOLE (log): Updating Ardabil at index 7 with value: 0
CONSOLE (log): Updating Golestan at index 7 with value: 0
CONSOLE (log): Updating Razavi Khorasan at index 7 with value: 0
CONSOLE (log): Updating South Khorasan at index 7 with value: 0
CONSOLE (log): Updating Sistan and Baluchestan at index 7 with value: 0
CONSOLE (log): Updating Qom at index 7 with value: 0
CONSOLE (log): Updating Alborz at index 7 with value: 0
CONSOLE (log): Updating East Azerbaijan at index 7 with value: 0
CONSOLE (log): Updating Yazd at index 7 with value: 0
CONSOLE (log): Updating Hormozgan at index 7 with value: 0
CONSOLE (log): Updating Khuzestan at index 7 with value: 0
CONSOLE (log): Updating Tehran at index 7 with value: 0
CONSOLE (log): Updating Mazandaran at index 7 with value: 0
CONSOLE (log): Updating Mazandaran at index 8 with value: 0
CONSOLE (log): Updating North Khorasan at index 8 with value: 0
CONSOLE (log): Updating Kerman at index 8 with value: 0
CONSOLE (log): Updating Ilam at index 8 with value: 0
CONSOLE (log): Updating Lorestan at index 8 with value: 0
CONSOLE (log): Updating Markazi at index 8 with value: 0
CONSOLE (log): Updating Chaharmahal and Bakhtiari at index 8 with value: 0
CONSOLE (log): Updating Kermanshah at index 8 with value: 0
CONSOLE (log): Updating Hamadan at index 8 with value: 0
CONSOLE (log): Updating Qazvin at index 8 with value: 0
CONSOLE (log): Updating Gilan at index 8 with value: 0
CONSOLE (log): Updating Zanjan at index 8 with value: 0
CONSOLE (log): Updating Semnan at index 8 with value: 0
CONSOLE (log): Updating Isfahan at index 8 with value: 0
CONSOLE (log): Updating Kohgiluyeh and Boyer-Ahmad at index 8 with value: 0
CONSOLE (log): Updating Kurdistan at index 8 with value: 0
CONSOLE (log): Updating West Azerbaijan at index 8 with value: 0
CONSOLE (log): Updating Fars at index 8 with value: 0
CONSOLE (log): Updating Bushehr at index 8 with value: 0
CONSOLE (log): Updating Ardabil at index 8 with value: 0
CONSOLE (log): Updating Golestan at index 8 with value: 0
CONSOLE (log): Updating Razavi Khorasan at index 8 with value: 0
CONSOLE (log): Updating South Khorasan at index 8 with value: 0
CONSOLE (log): Updating Sistan and Baluchestan at index 8 with value: 0
CONSOLE (log): Updating Qom at index 8 with value: 0
CONSOLE (log): Updating Alborz at index 8 with value: 0
CONSOLE (log): Updating East Azerbaijan at index 8 with value: 0
CONSOLE (log): Updating Yazd at index 8 with value: 0
CONSOLE (log): Updating Hormozgan at index 8 with value: 0
CONSOLE (log): Updating Khuzestan at index 8 with value: 0
CONSOLE (log): Updating Tehran at index 8 with value: 0
CONSOLE (log): Updating Mazandaran at index 8 with value: 0
CONSOLE (log): Updating Mazandaran at index 9 with value: 0
CONSOLE (log): Updating North Khorasan at index 9 with value: 0
CONSOLE (log): Updating Kerman at index 9 with value: 0
CONSOLE (log): Updating Ilam at index 9 with value: 0
CONSOLE (log): Updating Lorestan at index 9 with value: 0
CONSOLE (log): Updating Markazi at index 9 with value: 0
CONSOLE (log): Updating Chaharmahal and Bakhtiari at index 9 with value: 0
CONSOLE (log): Updating Kermanshah at index 9 with value: 0
CONSOLE (log): Updating Hamadan at index 9 with value: 0
CONSOLE (log): Updating Qazvin at index 9 with value: 0
CONSOLE (log): Updating Gilan at index 9 with value: 0
CONSOLE (log): Updating Zanjan at index 9 with value: 0
CONSOLE (log): Updating Semnan at index 9 with value: 0
CONSOLE (log): Updating Isfahan at index 9 with value: 0
CONSOLE (log): Updating Kohgiluyeh and Boyer-Ahmad at index 9 with value: 0
CONSOLE (log): Updating Kurdistan at index 9 with value: 0
CONSOLE (log): Updating West Azerbaijan at index 9 with value: 0
CONSOLE (log): Updating Fars at index 9 with value: 0
CONSOLE (log): Updating Bushehr at index 9 with value: 0
CONSOLE (log): Updating Ardabil at index 9 with value: 0
CONSOLE (log): Updating Golestan at index 9 with value: 0
CONSOLE (log): Updating Razavi Khorasan at index 9 with value: 0
CONSOLE (log): Updating South Khorasan at index 9 with value: 0
CONSOLE (log): Updating Sistan and Baluchestan at index 9 with value: 0
CONSOLE (log): Updating Qom at index 9 with value: 0
CONSOLE (log): Updating Alborz at index 9 with value: 0
CONSOLE (log): Updating East Azerbaijan at index 9 with value: 0
CONSOLE (log): Updating Yazd at index 9 with value: 0
CONSOLE (log): Updating Hormozgan at index 9 with value: 0
CONSOLE (log): Updating Khuzestan at index 9 with value: 0
CONSOLE (log): Updating Tehran at index 9 with value: 0
CONSOLE (log): Updating Mazandaran at index 9 with value: 0
CONSOLE (log): Updating Mazandaran at index 10 with value: 0
CONSOLE (log): Updating North Khorasan at index 10 with value: 0
CONSOLE (log): Updating Kerman at index 10 with value: 0
CONSOLE (log): Updating Ilam at index 10 with value: 0
CONSOLE (log): Updating Lorestan at index 10 with value: 0
CONSOLE (log): Updating Markazi at index 10 with value: 0
CONSOLE (log): Updating Chaharmahal and Bakhtiari at index 10 with value: 0
CONSOLE (log): Updating Kermanshah at index 10 with value: 0
CONSOLE (log): Updating Hamadan at index 10 with value: 0
CONSOLE (log): Updating Qazvin at index 10 with value: 0
CONSOLE (log): Updating Gilan at index 10 with value: 0
CONSOLE (log): Updating Zanjan at index 10 with value: 0
CONSOLE (log): Updating Semnan at index 10 with value: 0
CONSOLE (log): Updating Isfahan at index 10 with value: 0
CONSOLE (log): Updating Kohgiluyeh and Boyer-Ahmad at index 10 with value: 0
CONSOLE (log): Updating Kurdistan at index 10 with value: 0
CONSOLE (log): Updating West Azerbaijan at index 10 with value: 0
CONSOLE (log): Updating Fars at index 10 with value: 0
CONSOLE (log): Updating Bushehr at index 10 with value: 0
CONSOLE (log): Updating Ardabil at index 10 with value: 0
CONSOLE (log): Updating Golestan at index 10 with value: 0
CONSOLE (log): Updating Razavi Khorasan at index 10 with value: 0
CONSOLE (log): Updating South Khorasan at index 10 with value: 0
CONSOLE (log): Updating Sistan and Baluchestan at index 10 with value: 0
CONSOLE (log): Updating Qom at index 10 with value: 0
CONSOLE (log): Updating Alborz at index 10 with value: 0
CONSOLE (log): Updating East Azerbaijan at index 10 with value: 0
CONSOLE (log): Updating Yazd at index 10 with value: 0
CONSOLE (log): Updating Hormozgan at index 10 with value: 0
CONSOLE (log): Updating Khuzestan at index 10 with value: 0
CONSOLE (log): Updating Tehran at index 10 with value: 0
CONSOLE (log): Updating Mazandaran at index 10 with value: 0
CONSOLE (log): Updating Mazandaran at index 11 with value: 0
CONSOLE (log): Updating North Khorasan at index 11 with value: 0
CONSOLE (log): Updating Kerman at index 11 with value: 0
CONSOLE (log): Updating Ilam at index 11 with value: 0
CONSOLE (log): Updating Lorestan at index 11 with value: 0
CONSOLE (log): Updating Markazi at index 11 with value: 0
CONSOLE (log): Updating Chaharmahal and Bakhtiari at index 11 with value: 0
CONSOLE (log): Updating Kermanshah at index 11 with value: 0
CONSOLE (log): Updating Hamadan at index 11 with value: 0
CONSOLE (log): Updating Qazvin at index 11 with value: 0
CONSOLE (log): Updating Gilan at index 11 with value: 0
CONSOLE (log): Updating Zanjan at index 11 with value: 0
CONSOLE (log): Updating Semnan at index 11 with value: 0
CONSOLE (log): Updating Isfahan at index 11 with value: 0
CONSOLE (log): Updating Kohgiluyeh and Boyer-Ahmad at index 11 with value: 0
CONSOLE (log): Updating Kurdistan at index 11 with value: 0
CONSOLE (log): Updating West Azerbaijan at index 11 with value: 0
CONSOLE (log): Updating Fars at index 11 with value: 0
CONSOLE (log): Updating Bushehr at index 11 with value: 0
CONSOLE (log): Updating Ardabil at index 11 with value: 0
CONSOLE (log): Updating Golestan at index 11 with value: 0
CONSOLE (log): Updating Razavi Khorasan at index 11 with value: 0
CONSOLE (log): Updating South Khorasan at index 11 with value: 0
CONSOLE (log): Updating Sistan and Baluchestan at index 11 with value: 0
CONSOLE (log): Updating Qom at index 11 with value: 0
CONSOLE (log): Updating Alborz at index 11 with value: 0
CONSOLE (log): Updating East Azerbaijan at index 11 with value: 0
CONSOLE (log): Updating Yazd at index 11 with value: 0
CONSOLE (log): Updating Hormozgan at index 11 with value: 0
CONSOLE (log): Updating Khuzestan at index 11 with value: 0
CONSOLE (log): Updating Tehran at index 11 with value: 0
CONSOLE (log): Updating Mazandaran at index 11 with value: 0
CONSOLE (log): Updating Mazandaran at index 12 with value: 0
CONSOLE (log): Updating North Khorasan at index 12 with value: 0
CONSOLE (log): Updating Kerman at index 12 with value: 0
CONSOLE (log): Updating Ilam at index 12 with value: 0
CONSOLE (log): Updating Lorestan at index 12 with value: 0
CONSOLE (log): Updating Markazi at index 12 with value: 0
CONSOLE (log): Updating Chaharmahal and Bakhtiari at index 12 with value: 0
CONSOLE (log): Updating Kermanshah at index 12 with value: 0
CONSOLE (log): Updating Hamadan at index 12 with value: 0
CONSOLE (log): Updating Qazvin at index 12 with value: 0
CONSOLE (log): Updating Gilan at index 12 with value: 0
CONSOLE (log): Updating Zanjan at index 12 with value: 0
CONSOLE (log): Updating Semnan at index 12 with value: 0
CONSOLE (log): Updating Isfahan at index 12 with value: 0
CONSOLE (log): Updating Kohgiluyeh and Boyer-Ahmad at index 12 with value: 0
CONSOLE (log): Updating Kurdistan at index 12 with value: 0
CONSOLE (log): Updating West Azerbaijan at index 12 with value: 0
CONSOLE (log): Updating Fars at index 12 with value: 0
CONSOLE (log): Updating Bushehr at index 12 with value: 0
CONSOLE (log): Updating Ardabil at index 12 with value: 0
CONSOLE (log): Updating Golestan at index 12 with value: 0
CONSOLE (log): Updating Razavi Khorasan at index 12 with value: 0
CONSOLE (log): Updating South Khorasan at index 12 with value: 0
CONSOLE (log): Updating Sistan and Baluchestan at index 12 with value: 0
CONSOLE (log): Updating Qom at index 12 with value: 0
CONSOLE (log): Updating Alborz at index 12 with value: 0
CONSOLE (log): Updating East Azerbaijan at index 12 with value: 0
CONSOLE (log): Updating Yazd at index 12 with value: 0
CONSOLE (log): Updating Hormozgan at index 12 with value: 0
CONSOLE (log): Updating Khuzestan at index 12 with value: 0
CONSOLE (log): Updating Tehran at index 12 with value: 0
CONSOLE (log): Updating Mazandaran at index 12 with value: 0
CONSOLE (log): Updating Mazandaran at index 13 with value: 0
CONSOLE (log): Updating North Khorasan at index 13 with value: 0
CONSOLE (log): Updating Kerman at index 13 with value: 0
CONSOLE (log): Updating Ilam at index 13 with value: 0
CONSOLE (log): Updating Lorestan at index 13 with value: 0
CONSOLE (log): Updating Markazi at index 13 with value: 0
CONSOLE (log): Updating Chaharmahal and Bakhtiari at index 13 with value: 0
CONSOLE (log): Updating Kermanshah at index 13 with value: 0
CONSOLE (log): Updating Hamadan at index 13 with value: 0
CONSOLE (log): Updating Qazvin at index 13 with value: 0
CONSOLE (log): Updating Gilan at index 13 with value: 0
CONSOLE (log): Updating Zanjan at index 13 with value: 0
CONSOLE (log): Updating Semnan at index 13 with value: 0
CONSOLE (log): Updating Isfahan at index 13 with value: 0
CONSOLE (log): Updating Kohgiluyeh and Boyer-Ahmad at index 13 with value: 0
CONSOLE (log): Updating Kurdistan at index 13 with value: 0
CONSOLE (log): Updating West Azerbaijan at index 13 with value: 0
CONSOLE (log): Updating Fars at index 13 with value: 0
CONSOLE (log): Updating Bushehr at index 13 with value: 0
CONSOLE (log): Updating Ardabil at index 13 with value: 0
CONSOLE (log): Updating Golestan at index 13 with value: 0
CONSOLE (log): Updating Razavi Khorasan at index 13 with value: 0
CONSOLE (log): Updating South Khorasan at index 13 with value: 0
CONSOLE (log): Updating Sistan and Baluchestan at index 13 with value: 0
CONSOLE (log): Updating Qom at index 13 with value: 0
CONSOLE (log): Updating Alborz at index 13 with value: 0
CONSOLE (log): Updating East Azerbaijan at index 13 with value: 0
CONSOLE (log): Updating Yazd at index 13 with value: 0
CONSOLE (log): Updating Hormozgan at index 13 with value: 0
CONSOLE (log): Updating Khuzestan at index 13 with value: 0
CONSOLE (log): Updating Tehran at index 13 with value: 0
CONSOLE (log): Updating Mazandaran at index 13 with value: 0
CONSOLE (log): Updating Mazandaran at index 14 with value: 0
CONSOLE (log): Updating North Khorasan at index 14 with value: 0
CONSOLE (log): Updating Kerman at index 14 with value: 0
CONSOLE (log): Updating Ilam at index 14 with value: 0
CONSOLE (log): Updating Lorestan at index 14 with value: 0
CONSOLE (log): Updating Markazi at index 14 with value: 0
CONSOLE (log): Updating Chaharmahal and Bakhtiari at index 14 with value: 0
CONSOLE (log): Updating Kermanshah at index 14 with value: 0
CONSOLE (log): Updating Hamadan at index 14 with value: 0
CONSOLE (log): Updating Qazvin at index 14 with value: 0
CONSOLE (log): Updating Gilan at index 14 with value: 0
CONSOLE (log): Updating Zanjan at index 14 with value: 0
CONSOLE (log): Updating Semnan at index 14 with value: 0
CONSOLE (log): Updating Isfahan at index 14 with value: 0
CONSOLE (log): Updating Kohgiluyeh and Boyer-Ahmad at index 14 with value: 0
CONSOLE (log): Updating Kurdistan at index 14 with value: 0
CONSOLE (log): Updating West Azerbaijan at index 14 with value: 0
CONSOLE (log): Updating Fars at index 14 with value: 0
CONSOLE (log): Updating Bushehr at index 14 with value: 0
CONSOLE (log): Updating Ardabil at index 14 with value: 0
CONSOLE (log): Updating Golestan at index 14 with value: 0
CONSOLE (log): Updating Razavi Khorasan at index 14 with value: 0
CONSOLE (log): Updating South Khorasan at index 14 with value: 0
CONSOLE (log): Updating Sistan and Baluchestan at index 14 with value: 0
CONSOLE (log): Updating Qom at index 14 with value: 0
CONSOLE (log): Updating Alborz at index 14 with value: 0
CONSOLE (log): Updating East Azerbaijan at index 14 with value: 0
CONSOLE (log): Updating Yazd at index 14 with value: 0
CONSOLE (log): Updating Hormozgan at index 14 with value: 0
CONSOLE (log): Updating Khuzestan at index 14 with value: 0
CONSOLE (log): Updating Tehran at index 14 with value: 0
CONSOLE (log): Updating Mazandaran at index 14 with value: 0
Browser closed.
